<?xml version="1.0" encoding="UTF-8"?>
<!-- Generated by org.testng.reporters.JUnitXMLReporter -->
<testsuite ignored="8" hostname="Nidhi" failures="0" tests="5" name="Test" time="64.601" errors="0" timestamp="2026-04-16T10:13:22 IST">
  <testcase classname="com.zohocrm.testscripts.CreateAccount" name="testCreateAccount" time="9.36"/>
  <testcase classname="com.zohocrm.testscripts.CreateLead" name="testCreateLead" time="8.404"/>
  <testcase classname="com.zohocrm.testscripts.CreatePotential" name="testCreatePotential" time="7.277"/>
  <testcase classname="com.zohocrm.testscripts.CreateCampaign" name="testCreateCampaign" time="4.782"/>
  <testcase classname="com.zohocrm.testscripts.CreateContact" name="testCreateContact" time="9.037"/>
  <testcase classname="com.zohocrm.generic.BaseClass" name="@AfterTest closeBrowser" time="0.0">
    <ignored/>
  </testcase> <!-- @AfterTest closeBrowser -->
  <testcase classname="com.zohocrm.generic.BaseClass" name="@BeforeTest OpenBrowser" time="0.0">
    <ignored/>
  </testcase> <!-- @BeforeTest OpenBrowser -->
  <testcase classname="com.zohocrm.generic.BaseClass" name="@AfterTest closeBrowser" time="0.0">
    <ignored/>
  </testcase> <!-- @AfterTest closeBrowser -->
  <testcase classname="com.zohocrm.generic.BaseClass" name="@BeforeTest OpenBrowser" time="0.0">
    <ignored/>
  </testcase> <!-- @BeforeTest OpenBrowser -->
  <testcase classname="com.zohocrm.generic.BaseClass" name="@BeforeTest OpenBrowser" time="0.0">
    <ignored/>
  </testcase> <!-- @BeforeTest OpenBrowser -->
  <testcase classname="com.zohocrm.generic.BaseClass" name="@AfterTest closeBrowser" time="0.0">
    <ignored/>
  </testcase> <!-- @AfterTest closeBrowser -->
  <testcase classname="com.zohocrm.generic.BaseClass" name="@BeforeTest OpenBrowser" time="0.0">
    <ignored/>
  </testcase> <!-- @BeforeTest OpenBrowser -->
  <testcase classname="com.zohocrm.generic.BaseClass" name="@AfterTest closeBrowser" time="0.0">
    <ignored/>
  </testcase> <!-- @AfterTest closeBrowser -->
</testsuite> <!-- Test -->
