<?xml version="1.0" encoding="UTF-8"?>
<!-- Generated by org.testng.reporters.JUnitXMLReporter -->
<testsuite ignored="4" hostname="Nidhi" failures="0" tests="3" name="TestEdge" time="76.847" errors="0" timestamp="2026-04-16T10:00:07 IST">
  <testcase classname="com.zohocrm.testscripts.CreatePotential" name="testCreatePotential" time="0.001">
    <skipped/>
  </testcase> <!-- testCreatePotential -->
  <testcase classname="com.zohocrm.testscripts.CreateCampaign" name="testCreateCampaign" time="0.001">
    <skipped/>
  </testcase> <!-- testCreateCampaign -->
  <testcase classname="com.zohocrm.testscripts.CreateContact" name="testCreateContact" time="0.0">
    <skipped/>
  </testcase> <!-- testCreateContact -->
  <testcase classname="com.zohocrm.generic.BaseClass" name="@AfterTest closeBrowser" time="0.0">
    <ignored/>
  </testcase> <!-- @AfterTest closeBrowser -->
  <testcase classname="com.zohocrm.generic.BaseClass" name="@BeforeTest OpenBrowser" time="0.0">
    <ignored/>
  </testcase> <!-- @BeforeTest OpenBrowser -->
  <testcase classname="com.zohocrm.generic.BaseClass" name="@BeforeTest OpenBrowser" time="0.0">
    <ignored/>
  </testcase> <!-- @BeforeTest OpenBrowser -->
  <testcase classname="com.zohocrm.generic.BaseClass" name="@AfterTest closeBrowser" time="0.0">
    <ignored/>
  </testcase> <!-- @AfterTest closeBrowser -->
</testsuite> <!-- TestEdge -->
