<?xml version="1.0" encoding="UTF-8"?>
<!-- Generated by org.testng.reporters.JUnitXMLReporter -->
<testsuite ignored="2" hostname="Nidhi" failures="0" tests="2" name="Test" time="29.208" errors="0" timestamp="2026-04-09T11:13:32 IST">
  <testcase classname="com.zohocrm.testscripts.CreateCampaign" name="testCreateCampaign" time="5.35"/>
  <testcase classname="com.zohocrm.testscripts.CreateContact" name="testCreateContact" time="9.791"/>
  <testcase classname="com.zohocrm.generic.BaseClass" name="@AfterTest closeBrowser" time="0.0">
    <ignored/>
  </testcase> <!-- @AfterTest closeBrowser -->
  <testcase classname="com.zohocrm.generic.BaseClass" name="@BeforeTest OpenBrowser" time="0.0">
    <ignored/>
  </testcase> <!-- @BeforeTest OpenBrowser -->
</testsuite> <!-- Test -->
