<?xml version="1.0" encoding="UTF-8"?>
<testng-results ignored="0" total="1" passed="1" failed="0" skipped="0">
  <reporter-output>
    <line>
      <![CDATA[OpenBrowser]]>
    </line>
    <line>
      <![CDATA[login]]>
    </line>
    <line>
      <![CDATA[create campaign]]>
    </line>
    <line>
      <![CDATA[LogOut]]>
    </line>
    <line>
      <![CDATA[closeBrowser]]>
    </line>
  </reporter-output>
  <suite started-at="2026-04-09T09:47:15 IST" name="Suite" finished-at="2026-04-09T09:47:28 IST" duration-ms="12914">
    <groups>
    </groups>
    <test started-at="2026-04-09T09:47:15 IST" name="Test" finished-at="2026-04-09T09:47:28 IST" duration-ms="12914">
      <class name="com.zohocrm.testscripts.CreateCampaign">
        <test-method is-config="true" signature="OpenBrowser()[pri:0, instance:com.zohocrm.testscripts.CreateCampaign@384ad17b]" started-at="2026-04-09T09:47:15 IST" name="OpenBrowser" finished-at="2026-04-09T09:47:19 IST" duration-ms="3893" status="PASS">
          <reporter-output>
            <line>
              <![CDATA[OpenBrowser]]>
            </line>
          </reporter-output>
        </test-method> <!-- OpenBrowser -->
        <test-method is-config="true" signature="login()[pri:0, instance:com.zohocrm.testscripts.CreateCampaign@384ad17b]" started-at="2026-04-09T09:47:19 IST" name="login" finished-at="2026-04-09T09:47:21 IST" duration-ms="2156" status="PASS">
          <reporter-output>
            <line>
              <![CDATA[login]]>
            </line>
          </reporter-output>
        </test-method> <!-- login -->
        <test-method signature="testCreateCampaign()[pri:0, instance:com.zohocrm.testscripts.CreateCampaign@384ad17b]" started-at="2026-04-09T09:47:21 IST" name="testCreateCampaign" finished-at="2026-04-09T09:47:27 IST" duration-ms="5631" status="PASS">
          <reporter-output>
            <line>
              <![CDATA[create campaign]]>
            </line>
          </reporter-output>
        </test-method> <!-- testCreateCampaign -->
        <test-method is-config="true" signature="logOut()[pri:0, instance:com.zohocrm.testscripts.CreateCampaign@384ad17b]" started-at="2026-04-09T09:47:27 IST" name="logOut" finished-at="2026-04-09T09:47:27 IST" duration-ms="808" status="PASS">
          <reporter-output>
            <line>
              <![CDATA[LogOut]]>
            </line>
          </reporter-output>
        </test-method> <!-- logOut -->
        <test-method is-config="true" signature="closeBrowser()[pri:0, instance:com.zohocrm.testscripts.CreateCampaign@384ad17b]" started-at="2026-04-09T09:47:27 IST" name="closeBrowser" finished-at="2026-04-09T09:47:28 IST" duration-ms="313" status="PASS">
          <reporter-output>
            <line>
              <![CDATA[closeBrowser]]>
            </line>
          </reporter-output>
        </test-method> <!-- closeBrowser -->
      </class> <!-- com.zohocrm.testscripts.CreateCampaign -->
    </test> <!-- Test -->
  </suite> <!-- Suite -->
</testng-results>
