<?xml version="1.0" encoding="UTF-8"?>
<testng-results ignored="0" total="2" passed="2" failed="0" skipped="0">
  <reporter-output>
    <line>
      <![CDATA[OpenBrowser]]>
    </line>
    <line>
      <![CDATA[login]]>
    </line>
    <line>
      <![CDATA[create campaign]]>
    </line>
    <line>
      <![CDATA[LogOut]]>
    </line>
    <line>
      <![CDATA[login]]>
    </line>
    <line>
      <![CDATA[create Contact Successfull]]>
    </line>
    <line>
      <![CDATA[LogOut]]>
    </line>
    <line>
      <![CDATA[closeBrowser]]>
    </line>
  </reporter-output>
  <suite started-at="2026-04-09T11:13:03 IST" name="Suite" finished-at="2026-04-09T11:13:32 IST" duration-ms="29208">
    <groups>
    </groups>
    <test started-at="2026-04-09T11:13:03 IST" name="Test" finished-at="2026-04-09T11:13:32 IST" duration-ms="29208">
      <class name="com.zohocrm.testscripts.CreateCampaign">
        <test-method is-config="true" signature="OpenBrowser()[pri:0, instance:com.zohocrm.testscripts.CreateCampaign@62ddbd7e]" started-at="2026-04-09T11:13:03 IST" name="OpenBrowser" finished-at="2026-04-09T11:13:07 IST" duration-ms="3798" status="PASS">
          <reporter-output>
            <line>
              <![CDATA[OpenBrowser]]>
            </line>
          </reporter-output>
        </test-method> <!-- OpenBrowser -->
        <test-method is-config="true" signature="login()[pri:0, instance:com.zohocrm.testscripts.CreateCampaign@62ddbd7e]" started-at="2026-04-09T11:13:07 IST" name="login" finished-at="2026-04-09T11:13:09 IST" duration-ms="2346" status="PASS">
          <reporter-output>
            <line>
              <![CDATA[login]]>
            </line>
          </reporter-output>
        </test-method> <!-- login -->
        <test-method signature="testCreateCampaign()[pri:0, instance:com.zohocrm.testscripts.CreateCampaign@62ddbd7e]" started-at="2026-04-09T11:13:09 IST" name="testCreateCampaign" finished-at="2026-04-09T11:13:15 IST" duration-ms="5350" status="PASS">
          <reporter-output>
            <line>
              <![CDATA[create campaign]]>
            </line>
          </reporter-output>
        </test-method> <!-- testCreateCampaign -->
        <test-method is-config="true" signature="logOut()[pri:0, instance:com.zohocrm.testscripts.CreateCampaign@62ddbd7e]" started-at="2026-04-09T11:13:15 IST" name="logOut" finished-at="2026-04-09T11:13:18 IST" duration-ms="3088" status="PASS">
          <reporter-output>
            <line>
              <![CDATA[LogOut]]>
            </line>
          </reporter-output>
        </test-method> <!-- logOut -->
        <test-method is-config="true" signature="closeBrowser()[pri:0, instance:com.zohocrm.testscripts.CreateCampaign@62ddbd7e]" started-at="2026-04-09T11:13:32 IST" name="closeBrowser" finished-at="2026-04-09T11:13:32 IST" duration-ms="593" status="PASS">
          <reporter-output>
            <line>
              <![CDATA[closeBrowser]]>
            </line>
          </reporter-output>
        </test-method> <!-- closeBrowser -->
      </class> <!-- com.zohocrm.testscripts.CreateCampaign -->
      <class name="com.zohocrm.testscripts.CreateContact">
        <test-method is-config="true" signature="login()[pri:0, instance:com.zohocrm.testscripts.CreateContact@3857f613]" started-at="2026-04-09T11:13:18 IST" name="login" finished-at="2026-04-09T11:13:19 IST" duration-ms="1586" status="PASS">
          <reporter-output>
            <line>
              <![CDATA[login]]>
            </line>
          </reporter-output>
        </test-method> <!-- login -->
        <test-method signature="testCreateContact()[pri:0, instance:com.zohocrm.testscripts.CreateContact@3857f613]" started-at="2026-04-09T11:13:19 IST" name="testCreateContact" finished-at="2026-04-09T11:13:29 IST" duration-ms="9791" status="PASS">
          <reporter-output>
            <line>
              <![CDATA[create Contact Successfull]]>
            </line>
          </reporter-output>
        </test-method> <!-- testCreateContact -->
        <test-method is-config="true" signature="logOut()[pri:0, instance:com.zohocrm.testscripts.CreateContact@3857f613]" started-at="2026-04-09T11:13:29 IST" name="logOut" finished-at="2026-04-09T11:13:32 IST" duration-ms="2468" status="PASS">
          <reporter-output>
            <line>
              <![CDATA[LogOut]]>
            </line>
          </reporter-output>
        </test-method> <!-- logOut -->
      </class> <!-- com.zohocrm.testscripts.CreateContact -->
    </test> <!-- Test -->
  </suite> <!-- Suite -->
</testng-results>
