<?xml version="1.0" encoding="UTF-8"?>
<testng-results ignored="0" total="5" passed="5" failed="0" skipped="0">
  <reporter-output>
    <line>
      <![CDATA[OpenBrowser]]>
    </line>
    <line>
      <![CDATA[login]]>
    </line>
    <line>
      <![CDATA[Created Account Successfully]]>
    </line>
    <line>
      <![CDATA[LogOut]]>
    </line>
    <line>
      <![CDATA[login]]>
    </line>
    <line>
      <![CDATA[Created Lead Successfully]]>
    </line>
    <line>
      <![CDATA[LogOut]]>
    </line>
    <line>
      <![CDATA[login]]>
    </line>
    <line>
      <![CDATA[Created Potential Successfully]]>
    </line>
    <line>
      <![CDATA[LogOut]]>
    </line>
    <line>
      <![CDATA[login]]>
    </line>
    <line>
      <![CDATA[create campaign]]>
    </line>
    <line>
      <![CDATA[LogOut]]>
    </line>
    <line>
      <![CDATA[login]]>
    </line>
    <line>
      <![CDATA[create Contact Successfull]]>
    </line>
    <line>
      <![CDATA[LogOut]]>
    </line>
    <line>
      <![CDATA[closeBrowser]]>
    </line>
  </reporter-output>
  <suite started-at="2026-04-16T10:12:17 IST" name="Suite" finished-at="2026-04-16T10:13:22 IST" duration-ms="64601">
    <groups>
    </groups>
    <test started-at="2026-04-16T10:12:17 IST" name="Test" finished-at="2026-04-16T10:13:22 IST" duration-ms="64601">
      <class name="com.zohocrm.testscripts.CreateLead">
        <test-method is-config="true" signature="login()[pri:0, instance:com.zohocrm.testscripts.CreateLead@40005471]" started-at="2026-04-16T10:12:35 IST" name="login" finished-at="2026-04-16T10:12:37 IST" duration-ms="2371" status="PASS">
          <reporter-output>
            <line>
              <![CDATA[login]]>
            </line>
          </reporter-output>
        </test-method> <!-- login -->
        <test-method signature="testCreateLead()[pri:0, instance:com.zohocrm.testscripts.CreateLead@40005471]" started-at="2026-04-16T10:12:37 IST" name="testCreateLead" finished-at="2026-04-16T10:12:46 IST" duration-ms="8404" status="PASS">
          <reporter-output>
            <line>
              <![CDATA[Created Lead Successfully]]>
            </line>
          </reporter-output>
        </test-method> <!-- testCreateLead -->
        <test-method is-config="true" signature="logOut()[pri:0, instance:com.zohocrm.testscripts.CreateLead@40005471]" started-at="2026-04-16T10:12:46 IST" name="logOut" finished-at="2026-04-16T10:12:48 IST" duration-ms="2342" status="PASS">
          <reporter-output>
            <line>
              <![CDATA[LogOut]]>
            </line>
          </reporter-output>
        </test-method> <!-- logOut -->
      </class> <!-- com.zohocrm.testscripts.CreateLead -->
      <class name="com.zohocrm.testscripts.CreateAccount">
        <test-method is-config="true" signature="OpenBrowser(java.lang.String)[pri:0, instance:com.zohocrm.testscripts.CreateAccount@4b2bac3f]" started-at="2026-04-16T10:12:17 IST" name="OpenBrowser" finished-at="2026-04-16T10:12:21 IST" duration-ms="3726" status="PASS">
          <params>
            <param index="0">
              <value>
                <![CDATA[chrome]]>
              </value>
            </param>
          </params>
          <reporter-output>
            <line>
              <![CDATA[OpenBrowser]]>
            </line>
          </reporter-output>
        </test-method> <!-- OpenBrowser -->
        <test-method is-config="true" signature="login()[pri:0, instance:com.zohocrm.testscripts.CreateAccount@4b2bac3f]" started-at="2026-04-16T10:12:21 IST" name="login" finished-at="2026-04-16T10:12:23 IST" duration-ms="2124" status="PASS">
          <reporter-output>
            <line>
              <![CDATA[login]]>
            </line>
          </reporter-output>
        </test-method> <!-- login -->
        <test-method signature="testCreateAccount()[pri:0, instance:com.zohocrm.testscripts.CreateAccount@4b2bac3f]" started-at="2026-04-16T10:12:23 IST" name="testCreateAccount" finished-at="2026-04-16T10:12:33 IST" duration-ms="9360" status="PASS">
          <reporter-output>
            <line>
              <![CDATA[Created Account Successfully]]>
            </line>
          </reporter-output>
        </test-method> <!-- testCreateAccount -->
        <test-method is-config="true" signature="logOut()[pri:0, instance:com.zohocrm.testscripts.CreateAccount@4b2bac3f]" started-at="2026-04-16T10:12:33 IST" name="logOut" finished-at="2026-04-16T10:12:35 IST" duration-ms="2256" status="PASS">
          <reporter-output>
            <line>
              <![CDATA[LogOut]]>
            </line>
          </reporter-output>
        </test-method> <!-- logOut -->
        <test-method is-config="true" signature="closeBrowser()[pri:0, instance:com.zohocrm.testscripts.CreateAccount@4b2bac3f]" started-at="2026-04-16T10:13:22 IST" name="closeBrowser" finished-at="2026-04-16T10:13:22 IST" duration-ms="410" status="PASS">
          <reporter-output>
            <line>
              <![CDATA[closeBrowser]]>
            </line>
          </reporter-output>
        </test-method> <!-- closeBrowser -->
      </class> <!-- com.zohocrm.testscripts.CreateAccount -->
      <class name="com.zohocrm.testscripts.CreateCampaign">
        <test-method is-config="true" signature="login()[pri:0, instance:com.zohocrm.testscripts.CreateCampaign@367ffa75]" started-at="2026-04-16T10:12:59 IST" name="login" finished-at="2026-04-16T10:13:01 IST" duration-ms="1606" status="PASS">
          <reporter-output>
            <line>
              <![CDATA[login]]>
            </line>
          </reporter-output>
        </test-method> <!-- login -->
        <test-method signature="testCreateCampaign()[pri:0, instance:com.zohocrm.testscripts.CreateCampaign@367ffa75]" started-at="2026-04-16T10:13:01 IST" name="testCreateCampaign" finished-at="2026-04-16T10:13:06 IST" duration-ms="4782" status="PASS">
          <reporter-output>
            <line>
              <![CDATA[create campaign]]>
            </line>
          </reporter-output>
        </test-method> <!-- testCreateCampaign -->
        <test-method is-config="true" signature="logOut()[pri:0, instance:com.zohocrm.testscripts.CreateCampaign@367ffa75]" started-at="2026-04-16T10:13:06 IST" name="logOut" finished-at="2026-04-16T10:13:09 IST" duration-ms="2827" status="PASS">
          <reporter-output>
            <line>
              <![CDATA[LogOut]]>
            </line>
          </reporter-output>
        </test-method> <!-- logOut -->
      </class> <!-- com.zohocrm.testscripts.CreateCampaign -->
      <class name="com.zohocrm.testscripts.CreateContact">
        <test-method is-config="true" signature="login()[pri:0, instance:com.zohocrm.testscripts.CreateContact@49438269]" started-at="2026-04-16T10:13:09 IST" name="login" finished-at="2026-04-16T10:13:10 IST" duration-ms="1570" status="PASS">
          <reporter-output>
            <line>
              <![CDATA[login]]>
            </line>
          </reporter-output>
        </test-method> <!-- login -->
        <test-method signature="testCreateContact()[pri:0, instance:com.zohocrm.testscripts.CreateContact@49438269]" started-at="2026-04-16T10:13:10 IST" name="testCreateContact" finished-at="2026-04-16T10:13:19 IST" duration-ms="9037" status="PASS">
          <reporter-output>
            <line>
              <![CDATA[create Contact Successfull]]>
            </line>
          </reporter-output>
        </test-method> <!-- testCreateContact -->
        <test-method is-config="true" signature="logOut()[pri:0, instance:com.zohocrm.testscripts.CreateContact@49438269]" started-at="2026-04-16T10:13:19 IST" name="logOut" finished-at="2026-04-16T10:13:22 IST" duration-ms="2324" status="PASS">
          <reporter-output>
            <line>
              <![CDATA[LogOut]]>
            </line>
          </reporter-output>
        </test-method> <!-- logOut -->
      </class> <!-- com.zohocrm.testscripts.CreateContact -->
      <class name="com.zohocrm.testscripts.CreatePotential">
        <test-method is-config="true" signature="login()[pri:0, instance:com.zohocrm.testscripts.CreatePotential@2cd76f31]" started-at="2026-04-16T10:12:48 IST" name="login" finished-at="2026-04-16T10:12:50 IST" duration-ms="1596" status="PASS">
          <reporter-output>
            <line>
              <![CDATA[login]]>
            </line>
          </reporter-output>
        </test-method> <!-- login -->
        <test-method signature="testCreatePotential()[pri:0, instance:com.zohocrm.testscripts.CreatePotential@2cd76f31]" started-at="2026-04-16T10:12:50 IST" name="testCreatePotential" finished-at="2026-04-16T10:12:57 IST" duration-ms="7277" status="PASS">
          <reporter-output>
            <line>
              <![CDATA[Created Potential Successfully]]>
            </line>
          </reporter-output>
        </test-method> <!-- testCreatePotential -->
        <test-method is-config="true" signature="logOut()[pri:0, instance:com.zohocrm.testscripts.CreatePotential@2cd76f31]" started-at="2026-04-16T10:12:57 IST" name="logOut" finished-at="2026-04-16T10:12:59 IST" duration-ms="2293" status="PASS">
          <reporter-output>
            <line>
              <![CDATA[LogOut]]>
            </line>
          </reporter-output>
        </test-method> <!-- logOut -->
      </class> <!-- com.zohocrm.testscripts.CreatePotential -->
    </test> <!-- Test -->
  </suite> <!-- Suite -->
</testng-results>
