<?xml version="1.0" encoding="UTF-8"?>
<!-- Generated by org.testng.reporters.JUnitReportReporter -->
<testsuite hostname="Nidhi" failures="0" tests="1" name="com.zohocrm.testscripts.CreateAccount" time="16.628" errors="0" timestamp="2026-04-09T09:16:55 IST" skipped="0">
  <testcase classname="com.zohocrm.testscripts.CreateAccount" name="testCreateAccount" time="16.628">
    <system-out>
      <![CDATA[Created Account Successfully]]>
    </system-out>
  </testcase> <!-- testCreateAccount -->
  <system-out>
    <![CDATA[OpenBrowser
login
Created Account Successfully
LogOut
closeBrowser]]>
  </system-out>
</testsuite> <!-- com.zohocrm.testscripts.CreateAccount -->
