<?xml version="1.0" encoding="UTF-8"?>
<!-- Generated by org.testng.reporters.JUnitReportReporter -->
<testsuite hostname="Nidhi" failures="0" tests="1" name="com.zohocrm.testscripts.CreateContact" time="13.845" errors="0" timestamp="2026-04-09T11:13:33 IST" skipped="0">
  <testcase classname="com.zohocrm.testscripts.CreateContact" name="testCreateContact" time="13.845">
    <system-out>
      <![CDATA[create Contact Successfull]]>
    </system-out>
  </testcase> <!-- testCreateContact -->
  <system-out>
    <![CDATA[OpenBrowser
login
create campaign
LogOut
login
create Contact Successfull
LogOut
closeBrowser]]>
  </system-out>
</testsuite> <!-- com.zohocrm.testscripts.CreateContact -->
