<?xml version="1.0" encoding="UTF-8"?>
<!-- Generated by org.testng.reporters.JUnitReportReporter -->
<testsuite hostname="Nidhi" failures="0" tests="1" name="com.zohocrm.testscripts.CreateAccount" time="13.740" errors="0" timestamp="2026-04-16T10:13:22 IST" skipped="0">
  <testcase classname="com.zohocrm.testscripts.CreateAccount" name="testCreateAccount" time="13.740">
    <system-out>
      <![CDATA[Created Account Successfully]]>
    </system-out>
  </testcase> <!-- testCreateAccount -->
  <system-out>
    <![CDATA[OpenBrowser
login
Created Account Successfully
LogOut
login
Created Lead Successfully
LogOut
login
Created Potential Successfully
LogOut
login
create campaign
LogOut
login
create Contact Successfull
LogOut
closeBrowser]]>
  </system-out>
</testsuite> <!-- com.zohocrm.testscripts.CreateAccount -->
