<?xml version="1.0" encoding="UTF-8"?>
<!-- Generated by org.testng.reporters.JUnitReportReporter -->
<testsuite hostname="Nidhi" failures="0" tests="1" name="com.zohocrm.testscripts.CreateCampaign" time="9.215" errors="0" timestamp="2026-04-16T10:13:22 IST" skipped="0">
  <testcase classname="com.zohocrm.testscripts.CreateCampaign" name="testCreateCampaign" time="9.215">
    <system-out>
      <![CDATA[create campaign]]>
    </system-out>
  </testcase> <!-- testCreateCampaign -->
  <system-out>
    <![CDATA[OpenBrowser
login
Created Account Successfully
LogOut
login
Created Lead Successfully
LogOut
login
Created Potential Successfully
LogOut
login
create campaign
LogOut
login
create Contact Successfull
LogOut
closeBrowser]]>
  </system-out>
</testsuite> <!-- com.zohocrm.testscripts.CreateCampaign -->
