<?xml version="1.0" encoding="UTF-8"?>
<!-- Generated by org.testng.reporters.JUnitReportReporter -->
<testsuite hostname="Nidhi" failures="0" tests="1" name="com.zohocrm.testscripts.CreateCampaign" time="8.595" errors="0" timestamp="2026-04-09T09:47:28 IST" skipped="0">
  <testcase classname="com.zohocrm.testscripts.CreateCampaign" name="testCreateCampaign" time="8.595">
    <system-out>
      <![CDATA[create campaign]]>
    </system-out>
  </testcase> <!-- testCreateCampaign -->
  <system-out>
    <![CDATA[OpenBrowser
login
create campaign
LogOut
closeBrowser]]>
  </system-out>
</testsuite> <!-- com.zohocrm.testscripts.CreateCampaign -->
